Using pre-set license
Built from '2020.3/staging' branch; Version is '2020.3.28f1 (f5400f52e03f) revision 16072719'; Using compiler version '192528614'; Build Type 'Release'
OS: 'Windows 10  (10.0.19043) 64bit Professional' Language: 'ko' Physical Memory: 16266 MB
BatchMode: 1, IsHumanControllingUs: 0, StartBugReporterOnCrash: 0, Is64bit: 1, IsPro: 0

COMMAND LINE ARGUMENTS:
C:\Program Files\Unity\Hub\Editor\2020.3.28f1\Editor\Unity.exe
-adb2
-batchMode
-noUpm
-name
AssetImportWorker0
-projectPath
D:/unity/Github/HungryJimmy/HungryJimmy
-logFile
Logs/AssetImportWorker0.log
-srvPort
62645
Successfully changed project path to: D:/unity/Github/HungryJimmy/HungryJimmy
D:/unity/Github/HungryJimmy/HungryJimmy
Using Asset Import Pipeline V2.
Refreshing native plugins compatible for Editor in 71.42 ms, found 2 plugins.
Preloading 0 native plugins for Editor in 0.00 ms.
Initialize engine version: 2020.3.28f1 (f5400f52e03f)
[Subsystems] Discovering subsystems at path C:/Program Files/Unity/Hub/Editor/2020.3.28f1/Editor/Data/Resources/UnitySubsystems
[Subsystems] Discovering subsystems at path D:/unity/Github/HungryJimmy/HungryJimmy/Assets
GfxDevice: creating device client; threaded=0
Direct3D:
    Version:  Direct3D 11.0 [level 11.1]
    Renderer: NVIDIA GeForce GTX 1060 3GB (ID=0x1c02)
    Vendor:   
    VRAM:     2988 MB
    Driver:   27.21.14.5671
Shader 'Custom/RainShader': fallback shader 'Particles/Alpha Blended' not found
Initialize mono
Mono path[0] = 'C:/Program Files/Unity/Hub/Editor/2020.3.28f1/Editor/Data/Managed'
Mono path[1] = 'C:/Program Files/Unity/Hub/Editor/2020.3.28f1/Editor/Data/MonoBleedingEdge/lib/mono/unityjit'
Mono config path = 'C:/Program Files/Unity/Hub/Editor/2020.3.28f1/Editor/Data/MonoBleedingEdge/etc'
Using monoOptions --debugger-agent=transport=dt_socket,embedding=1,server=y,suspend=n,address=127.0.0.1:56320
Begin MonoManager ReloadAssembly
Registering precompiled unity dll's ...
Register platform support module: C:/Program Files/Unity/Hub/Editor/2020.3.28f1/Editor/Data/PlaybackEngines/WebGLSupport/UnityEditor.WebGL.Extensions.dll
Register platform support module: C:/Program Files/Unity/Hub/Editor/2020.3.28f1/Editor/Data/PlaybackEngines/WindowsStandaloneSupport/UnityEditor.WindowsStandalone.Extensions.dll
Registered in 0.002963 seconds.
Native extension for WindowsStandalone target not found
Native extension for WebGL target not found
Refreshing native plugins compatible for Editor in 67.23 ms, found 2 plugins.
Preloading 0 native plugins for Editor in 0.00 ms.
Mono: successfully reloaded assembly
- Completed reload, in  0.685 seconds
Domain Reload Profiling:
	ReloadAssembly (685ms)
		BeginReloadAssembly (79ms)
			ExecutionOrderSort (0ms)
			DisableScriptedObjects (0ms)
			BackupInstance (0ms)
			ReleaseScriptingObjects (0ms)
			CreateAndSetChildDomain (1ms)
		EndReloadAssembly (526ms)
			LoadAssemblies (77ms)
			RebuildTransferFunctionScriptingTraits (0ms)
			SetupTypeCache (161ms)
			ReleaseScriptCaches (0ms)
			RebuildScriptCaches (38ms)
			SetupLoadedEditorAssemblies (208ms)
				LogAssemblyErrors (0ms)
				InitializePlatformSupportModulesInManaged (6ms)
				SetLoadedEditorAssemblies (0ms)
				RefreshPlugins (67ms)
				BeforeProcessingInitializeOnLoad (15ms)
				ProcessInitializeOnLoadAttributes (90ms)
				ProcessInitializeOnLoadMethodAttributes (30ms)
				AfterProcessingInitializeOnLoad (0ms)
				EditorAssembliesLoaded (0ms)
			ExecutionOrderSort2 (0ms)
			AwakeInstancesAfterBackupRestoration (0ms)
Platform modules already initialized, skipping
Registering precompiled user dll's ...
Registered in 0.004272 seconds.
Begin MonoManager ReloadAssembly
Native extension for WindowsStandalone target not found
Native extension for WebGL target not found
Refreshing native plugins compatible for Editor in 0.68 ms, found 2 plugins.
Preloading 0 native plugins for Editor in 0.00 ms.
Mono: successfully reloaded assembly
- Completed reload, in  1.150 seconds
Domain Reload Profiling:
	ReloadAssembly (1151ms)
		BeginReloadAssembly (172ms)
			ExecutionOrderSort (0ms)
			DisableScriptedObjects (5ms)
			BackupInstance (0ms)
			ReleaseScriptingObjects (0ms)
			CreateAndSetChildDomain (20ms)
		EndReloadAssembly (911ms)
			LoadAssemblies (109ms)
			RebuildTransferFunctionScriptingTraits (0ms)
			SetupTypeCache (305ms)
			ReleaseScriptCaches (0ms)
			RebuildScriptCaches (58ms)
			SetupLoadedEditorAssemblies (351ms)
				LogAssemblyErrors (0ms)
				InitializePlatformSupportModulesInManaged (6ms)
				SetLoadedEditorAssemblies (1ms)
				RefreshPlugins (1ms)
				BeforeProcessingInitializeOnLoad (108ms)
				ProcessInitializeOnLoadAttributes (217ms)
				ProcessInitializeOnLoadMethodAttributes (9ms)
				AfterProcessingInitializeOnLoad (8ms)
				EditorAssembliesLoaded (0ms)
			ExecutionOrderSort2 (0ms)
			AwakeInstancesAfterBackupRestoration (7ms)
Platform modules already initialized, skipping
========================================================================
Worker process is ready to serve import requests
Shader 'Custom/RainShader': fallback shader 'Particles/Alpha Blended' not found
Launched and connected shader compiler UnityShaderCompiler.exe after 0.06 seconds
Refreshing native plugins compatible for Editor in 0.66 ms, found 2 plugins.
Preloading 0 native plugins for Editor in 0.00 ms.
Unloading 1735 Unused Serialized files (Serialized files now loaded: 0)
System memory in use before: 93.0 MB.
System memory in use after: 93.1 MB.

Unloading 20 unused Assets to reduce memory usage. Loaded Objects now: 2180.
Total: 3.141900 ms (FindLiveObjects: 0.153500 ms CreateObjectMapping: 0.070600 ms MarkObjects: 2.840700 ms  DeleteObjects: 0.076000 ms)

AssetImportParameters requested are different than current active one (requested -> active):
  custom:framework-win-MediaFoundation: 216162199b28c13a410421893ffa2e32 -> 
  custom:video-decoder-ogg-theora: a1e56fd34408186e4bbccfd4996cb3dc -> 
  custom:container-muxer-webm: aa71ff27fc2769a1b78a27578f13a17b -> 
  custom:container-demuxer-webm: 4f35f7cbe854078d1ac9338744f61a02 -> 
  custom:container-demuxer-ogg: 62fdf1f143b41e24485cea50d1cbac27 -> 
  custom:video-encoder-webm-vp8: eb34c28f22e8b96e1ab97ce403110664 -> 
  custom:video-decoder-webm-vp8: 9c59270c3fd7afecdb556c50c9e8de78 -> 
  custom:audio-decoder-ogg-vorbis: bf7c407c2cedff20999df2af8eb42d56 -> 
  custom:audio-encoder-webm-vorbis: bf7c407c2cedff20999df2af8eb42d56 -> 
========================================================================
Received Import Request.
  path: Assets/10.UI/Fantasy Wooden GUI  Free
  artifactKey: Guid(0372c1634b5e632448adb29129318560) Importer(815301076,1909f56bfc062723c751e8b465ee728b)
Start importing Assets/10.UI/Fantasy Wooden GUI  Free using Guid(0372c1634b5e632448adb29129318560) Importer(815301076,1909f56bfc062723c751e8b465ee728b)  -> (artifact id: '51afbdad6ef0f8f0bd83156bcec94f92') in 0.004085 seconds 
  Import took 0.007226 seconds .

========================================================================
Received Import Request.
  Time since last request: 176.272309 seconds.
  path: Assets/UI/logIMG.png
  artifactKey: Guid(7f25bb9c22bca4741b19613d01835161) Importer(815301076,1909f56bfc062723c751e8b465ee728b)
Start importing Assets/UI/logIMG.png using Guid(7f25bb9c22bca4741b19613d01835161) Importer(815301076,1909f56bfc062723c751e8b465ee728b)  -> (artifact id: '56cad95d9d68d834d228d274ac08a58b') in 0.144238 seconds 
  Import took 0.148954 seconds .

========================================================================
Received Import Request.
  Time since last request: 11.744730 seconds.
  path: Assets/UI/ropeImg.png
  artifactKey: Guid(9c68ffb761d65244a89e1a36d07ea1b6) Importer(815301076,1909f56bfc062723c751e8b465ee728b)
Start importing Assets/UI/ropeImg.png using Guid(9c68ffb761d65244a89e1a36d07ea1b6) Importer(815301076,1909f56bfc062723c751e8b465ee728b)  -> (artifact id: '41e96b3738829bd7f49d2fc85ee2aa09') in 0.021660 seconds 
  Import took 0.025422 seconds .

========================================================================
Received Import Request.
  Time since last request: 1071.435824 seconds.
  path: Assets/09.Sound/SoundEffect/RockSound
  artifactKey: Guid(fc32ea2c36d8f3b43b38332ea3004f40) Importer(815301076,1909f56bfc062723c751e8b465ee728b)
Start importing Assets/09.Sound/SoundEffect/RockSound using Guid(fc32ea2c36d8f3b43b38332ea3004f40) Importer(815301076,1909f56bfc062723c751e8b465ee728b)  -> (artifact id: 'e90aa75ec1a5d7454b1b4f6e6e96441d') in 0.006025 seconds 
  Import took 0.010043 seconds .

========================================================================
Received Import Request.
  Time since last request: 1.638468 seconds.
  path: Assets/09.Sound/SoundEffect/pickaxe_rock_crash.mp3
  artifactKey: Guid(a677d5c3ad8409d44a24348a22480dec) Importer(815301076,1909f56bfc062723c751e8b465ee728b)
Start importing Assets/09.Sound/SoundEffect/pickaxe_rock_crash.mp3 using Guid(a677d5c3ad8409d44a24348a22480dec) Importer(815301076,1909f56bfc062723c751e8b465ee728b)  -> (artifact id: '32495ed3aaa7cee7faba729ae1e017f5') in 0.039188 seconds 
  Import took 0.042545 seconds .

========================================================================
Received Import Request.
  Time since last request: 4.536539 seconds.
  path: Assets/09.Sound/SoundEffect/tree
  artifactKey: Guid(5fa5d27fc00078241a228db8a622828a) Importer(815301076,1909f56bfc062723c751e8b465ee728b)
Start importing Assets/09.Sound/SoundEffect/tree using Guid(5fa5d27fc00078241a228db8a622828a) Importer(815301076,1909f56bfc062723c751e8b465ee728b)  -> (artifact id: '494aabfdbd72cdf1b344eda49e968d63') in 0.006192 seconds 
  Import took 0.010079 seconds .

========================================================================
Received Import Request.
  Time since last request: 57.045093 seconds.
  path: Assets/09.Sound/SoundEffect/tree/TreeSoundEf
  artifactKey: Guid(7566aafde2b1a394c95947f7f52ebd81) Importer(815301076,1909f56bfc062723c751e8b465ee728b)
Start importing Assets/09.Sound/SoundEffect/tree/TreeSoundEf using Guid(7566aafde2b1a394c95947f7f52ebd81) Importer(815301076,1909f56bfc062723c751e8b465ee728b)  -> (artifact id: 'ec458d2c67c4f3b0de597abec8ac8cf7') in 0.004465 seconds 
  Import took 0.007729 seconds .

========================================================================
Received Import Request.
  Time since last request: 753.023933 seconds.
  path: Assets/06.Prefabs/ItemPrefabs/Tree(Fruit_Item).prefab
  artifactKey: Guid(f5d111a0181163c46b145946f388b205) Importer(815301076,1909f56bfc062723c751e8b465ee728b)
Start importing Assets/06.Prefabs/ItemPrefabs/Tree(Fruit_Item).prefab using Guid(f5d111a0181163c46b145946f388b205) Importer(815301076,1909f56bfc062723c751e8b465ee728b)  -> (artifact id: '17d33bb71da20dd65b49bf1eed582fbb') in 0.132283 seconds 
  Import took 0.137542 seconds .

========================================================================
Received Prepare
Registering precompiled user dll's ...
Registered in 0.004856 seconds.
Begin MonoManager ReloadAssembly
Native extension for WindowsStandalone target not found
Native extension for WebGL target not found
Refreshing native plugins compatible for Editor in 1.01 ms, found 2 plugins.
Preloading 0 native plugins for Editor in 0.00 ms.
Mono: successfully reloaded assembly
- Completed reload, in  1.175 seconds
Domain Reload Profiling:
	ReloadAssembly (1175ms)
		BeginReloadAssembly (168ms)
			ExecutionOrderSort (0ms)
			DisableScriptedObjects (7ms)
			BackupInstance (0ms)
			ReleaseScriptingObjects (0ms)
			CreateAndSetChildDomain (48ms)
		EndReloadAssembly (939ms)
			LoadAssemblies (133ms)
			RebuildTransferFunctionScriptingTraits (0ms)
			SetupTypeCache (309ms)
			ReleaseScriptCaches (1ms)
			RebuildScriptCaches (52ms)
			SetupLoadedEditorAssemblies (353ms)
				LogAssemblyErrors (0ms)
				InitializePlatformSupportModulesInManaged (6ms)
				SetLoadedEditorAssemblies (1ms)
				RefreshPlugins (1ms)
				BeforeProcessingInitializeOnLoad (112ms)
				ProcessInitializeOnLoadAttributes (213ms)
				ProcessInitializeOnLoadMethodAttributes (10ms)
				AfterProcessingInitializeOnLoad (9ms)
				EditorAssembliesLoaded (0ms)
			ExecutionOrderSort2 (0ms)
			AwakeInstancesAfterBackupRestoration (7ms)
Platform modules already initialized, skipping
Switching build target platform(19) subTarget(0) extendedPlatform(0) -> platform(13) subTarget(537395200) extendedPlatform(0)
Shader 'Custom/RainShader': fallback shader 'Particles/Alpha Blended' not found
Refreshing native plugins compatible for Editor in 0.68 ms, found 2 plugins.
Preloading 0 native plugins for Editor in 0.00 ms.
Unloading 1689 Unused Serialized files (Serialized files now loaded: 0)
System memory in use before: 90.5 MB.
System memory in use after: 90.6 MB.

Unloading 15 unused Assets to reduce memory usage. Loaded Objects now: 2193.
Total: 2.638700 ms (FindLiveObjects: 0.156700 ms CreateObjectMapping: 0.073400 ms MarkObjects: 2.384000 ms  DeleteObjects: 0.023800 ms)

AssetImportParameters requested are different than current active one (requested -> active):
  custom:framework-win-MediaFoundation: 216162199b28c13a410421893ffa2e32 -> 
  custom:video-decoder-ogg-theora: a1e56fd34408186e4bbccfd4996cb3dc -> 
  custom:container-muxer-webm: aa71ff27fc2769a1b78a27578f13a17b -> 
  custom:container-demuxer-webm: 4f35f7cbe854078d1ac9338744f61a02 -> 
  custom:container-demuxer-ogg: 62fdf1f143b41e24485cea50d1cbac27 -> 
  custom:video-encoder-webm-vp8: eb34c28f22e8b96e1ab97ce403110664 -> 
  custom:video-decoder-webm-vp8: 9c59270c3fd7afecdb556c50c9e8de78 -> 
  custom:graphics/normal-map-encoding: 01000000000000000000000000000000 -> 02000000000000000000000000000000
  custom:audio-decoder-ogg-vorbis: bf7c407c2cedff20999df2af8eb42d56 -> 
  custom:audio-encoder-webm-vorbis: bf7c407c2cedff20999df2af8eb42d56 -> 
========================================================================
Received Import Request.
  Time since last request: 29.476443 seconds.
  path: Assets/06.Prefabs/ItemPrefabs/Tree(Fruit_Item).prefab
  artifactKey: Guid(f5d111a0181163c46b145946f388b205) Importer(815301076,1909f56bfc062723c751e8b465ee728b)
Start importing Assets/06.Prefabs/ItemPrefabs/Tree(Fruit_Item).prefab using Guid(f5d111a0181163c46b145946f388b205) Importer(815301076,1909f56bfc062723c751e8b465ee728b)  -> (artifact id: '74a7734324e8297c14ecc80bfcb1b9cd') in 0.077523 seconds 
  Import took 0.082293 seconds .

========================================================================
Received Import Request.
  Time since last request: 4.972399 seconds.
  path: Assets/06.Prefabs/ItemPrefabs/Tree(Fruit_Item).prefab
  artifactKey: Guid(f5d111a0181163c46b145946f388b205) Importer(815301076,1909f56bfc062723c751e8b465ee728b)
Start importing Assets/06.Prefabs/ItemPrefabs/Tree(Fruit_Item).prefab using Guid(f5d111a0181163c46b145946f388b205) Importer(815301076,1909f56bfc062723c751e8b465ee728b)  -> (artifact id: 'cbcc50ebec1256c64b001e8b52f857a1') in 0.018360 seconds 
  Import took 0.023123 seconds .

========================================================================
Received Import Request.
  Time since last request: 3.457603 seconds.
  path: Assets/06.Prefabs/ItemPrefabs/Tree(Fruit_Item).prefab
  artifactKey: Guid(f5d111a0181163c46b145946f388b205) Importer(815301076,1909f56bfc062723c751e8b465ee728b)
Start importing Assets/06.Prefabs/ItemPrefabs/Tree(Fruit_Item).prefab using Guid(f5d111a0181163c46b145946f388b205) Importer(815301076,1909f56bfc062723c751e8b465ee728b)  -> (artifact id: 'dfefd03069af67be7268aae752388afb') in 0.016632 seconds 
  Import took 0.020793 seconds .

========================================================================
Received Import Request.
  Time since last request: 1813.153804 seconds.
  path: Assets/UI/RunIMG.png
  artifactKey: Guid(c00f927a83bdd604396a96ddc1c37dc9) Importer(815301076,1909f56bfc062723c751e8b465ee728b)
Start importing Assets/UI/RunIMG.png using Guid(c00f927a83bdd604396a96ddc1c37dc9) Importer(815301076,1909f56bfc062723c751e8b465ee728b)  -> (artifact id: '4e040479da37f25f9f503a4cfd925a36') in 0.029911 seconds 
  Import took 0.034343 seconds .

========================================================================
Received Import Request.
  Time since last request: 3.863761 seconds.
  path: Assets/UI/LogOneIMG.png
  artifactKey: Guid(67c777873116b4a419e74be5f97189b0) Importer(815301076,1909f56bfc062723c751e8b465ee728b)
Start importing Assets/UI/LogOneIMG.png using Guid(67c777873116b4a419e74be5f97189b0) Importer(815301076,1909f56bfc062723c751e8b465ee728b)  -> (artifact id: '6663ccbdfb300a37d202a105f4d5f1b7') in 0.016938 seconds 
  Import took 0.020326 seconds .

========================================================================
Received Import Request.
  Time since last request: 7.630879 seconds.
  path: Assets/UI/LogOneIMG.png
  artifactKey: Guid(67c777873116b4a419e74be5f97189b0) Importer(815301076,1909f56bfc062723c751e8b465ee728b)
Start importing Assets/UI/LogOneIMG.png using Guid(67c777873116b4a419e74be5f97189b0) Importer(815301076,1909f56bfc062723c751e8b465ee728b)  -> (artifact id: '854b0a545947f15770b35c74a894cb52') in 0.033504 seconds 
  Import took 0.037109 seconds .

========================================================================
Received Import Request.
  Time since last request: 179.988760 seconds.
  path: Assets/06.Prefabs/ItemPrefabs/Tree(Log_Item).prefab
  artifactKey: Guid(74ac2d302af8719479d47f500e67edac) Importer(815301076,1909f56bfc062723c751e8b465ee728b)
Start importing Assets/06.Prefabs/ItemPrefabs/Tree(Log_Item).prefab using Guid(74ac2d302af8719479d47f500e67edac) Importer(815301076,1909f56bfc062723c751e8b465ee728b)  -> (artifact id: '7fc2d9ad73a27ddda8193c11aa8a22ed') in 0.019565 seconds 
  Import took 0.024027 seconds .

========================================================================
Received Import Request.
  Time since last request: 10.607648 seconds.
  path: Assets/06.Prefabs/ItemPrefabs/Tree(Log_Item).prefab
  artifactKey: Guid(74ac2d302af8719479d47f500e67edac) Importer(815301076,1909f56bfc062723c751e8b465ee728b)
Start importing Assets/06.Prefabs/ItemPrefabs/Tree(Log_Item).prefab using Guid(74ac2d302af8719479d47f500e67edac) Importer(815301076,1909f56bfc062723c751e8b465ee728b)  -> (artifact id: 'a64aaf4c88787da6fc15c675aaa30507') in 0.013218 seconds 
  Import took 0.017279 seconds .

========================================================================
Received Import Request.
  Time since last request: 5.157236 seconds.
  path: Assets/06.Prefabs/ItemPrefabs/Tree(Log_Item).prefab
  artifactKey: Guid(74ac2d302af8719479d47f500e67edac) Importer(815301076,1909f56bfc062723c751e8b465ee728b)
Start importing Assets/06.Prefabs/ItemPrefabs/Tree(Log_Item).prefab using Guid(74ac2d302af8719479d47f500e67edac) Importer(815301076,1909f56bfc062723c751e8b465ee728b)  -> (artifact id: '15c6d2455ca1fea22a4fd289bcd4741e') in 0.013089 seconds 
  Import took 0.016949 seconds .

========================================================================
Received Import Request.
  Time since last request: 3.599459 seconds.
  path: Assets/06.Prefabs/ItemPrefabs/Tree(Log_Item).prefab
  artifactKey: Guid(74ac2d302af8719479d47f500e67edac) Importer(815301076,1909f56bfc062723c751e8b465ee728b)
Start importing Assets/06.Prefabs/ItemPrefabs/Tree(Log_Item).prefab using Guid(74ac2d302af8719479d47f500e67edac) Importer(815301076,1909f56bfc062723c751e8b465ee728b)  -> (artifact id: '269fe63b38dcaf60d7f145e886b6f51a') in 0.012161 seconds 
  Import took 0.016140 seconds .

========================================================================
Received Import Request.
  Time since last request: 237.688043 seconds.
  path: Assets/09.Sound/SoundEffect/walk/walkSound.mp3
  artifactKey: Guid(0a1f28dc5b39e8646b07a6c2f1de8956) Importer(815301076,1909f56bfc062723c751e8b465ee728b)
Start importing Assets/09.Sound/SoundEffect/walk/walkSound.mp3 using Guid(0a1f28dc5b39e8646b07a6c2f1de8956) Importer(815301076,1909f56bfc062723c751e8b465ee728b)  -> (artifact id: '16b2eb90e3446e05459364457f43b7fa') in 0.016214 seconds 
  Import took 0.019882 seconds .

========================================================================
Received Prepare
Registering precompiled user dll's ...
Registered in 0.004386 seconds.
Begin MonoManager ReloadAssembly
Native extension for WindowsStandalone target not found
Native extension for WebGL target not found
Refreshing native plugins compatible for Editor in 0.68 ms, found 2 plugins.
Preloading 0 native plugins for Editor in 0.00 ms.
Mono: successfully reloaded assembly
- Completed reload, in  1.078 seconds
Domain Reload Profiling:
	ReloadAssembly (1078ms)
		BeginReloadAssembly (132ms)
			ExecutionOrderSort (0ms)
			DisableScriptedObjects (5ms)
			BackupInstance (0ms)
			ReleaseScriptingObjects (0ms)
			CreateAndSetChildDomain (36ms)
		EndReloadAssembly (882ms)
			LoadAssemblies (111ms)
			RebuildTransferFunctionScriptingTraits (0ms)
			SetupTypeCache (293ms)
			ReleaseScriptCaches (1ms)
			RebuildScriptCaches (48ms)
			SetupLoadedEditorAssemblies (330ms)
				LogAssemblyErrors (0ms)
				InitializePlatformSupportModulesInManaged (6ms)
				SetLoadedEditorAssemblies (1ms)
				RefreshPlugins (1ms)
				BeforeProcessingInitializeOnLoad (104ms)
				ProcessInitializeOnLoadAttributes (202ms)
				ProcessInitializeOnLoadMethodAttributes (8ms)
				AfterProcessingInitializeOnLoad (7ms)
				EditorAssembliesLoaded (0ms)
			ExecutionOrderSort2 (0ms)
			AwakeInstancesAfterBackupRestoration (7ms)
Platform modules already initialized, skipping
Switching build target platform(19) subTarget(0) extendedPlatform(0) -> platform(13) subTarget(537395200) extendedPlatform(0)
Shader 'Custom/RainShader': fallback shader 'Particles/Alpha Blended' not found
Refreshing native plugins compatible for Editor in 0.67 ms, found 2 plugins.
Preloading 0 native plugins for Editor in 0.00 ms.
Unloading 1689 Unused Serialized files (Serialized files now loaded: 0)
System memory in use before: 90.6 MB.
System memory in use after: 90.7 MB.

Unloading 15 unused Assets to reduce memory usage. Loaded Objects now: 2196.
Total: 2.838900 ms (FindLiveObjects: 0.138200 ms CreateObjectMapping: 0.063100 ms MarkObjects: 2.617100 ms  DeleteObjects: 0.019600 ms)

AssetImportParameters requested are different than current active one (requested -> active):
  custom:framework-win-MediaFoundation: 216162199b28c13a410421893ffa2e32 -> 
  custom:video-decoder-ogg-theora: a1e56fd34408186e4bbccfd4996cb3dc -> 
  custom:container-muxer-webm: aa71ff27fc2769a1b78a27578f13a17b -> 
  custom:container-demuxer-webm: 4f35f7cbe854078d1ac9338744f61a02 -> 
  custom:container-demuxer-ogg: 62fdf1f143b41e24485cea50d1cbac27 -> 
  custom:video-encoder-webm-vp8: eb34c28f22e8b96e1ab97ce403110664 -> 
  custom:video-decoder-webm-vp8: 9c59270c3fd7afecdb556c50c9e8de78 -> 
  custom:graphics/normal-map-encoding: 01000000000000000000000000000000 -> 02000000000000000000000000000000
  custom:audio-decoder-ogg-vorbis: bf7c407c2cedff20999df2af8eb42d56 -> 
  custom:audio-encoder-webm-vorbis: bf7c407c2cedff20999df2af8eb42d56 -> 
========================================================================
Received Import Request.
  Time since last request: 12.844809 seconds.
  path: Assets/09.Sound/SoundEffect/Eat/Chew
  artifactKey: Guid(3e31fea3c34edc541a420c8ccf80b23c) Importer(815301076,1909f56bfc062723c751e8b465ee728b)
Start importing Assets/09.Sound/SoundEffect/Eat/Chew using Guid(3e31fea3c34edc541a420c8ccf80b23c) Importer(815301076,1909f56bfc062723c751e8b465ee728b)  -> (artifact id: 'c566350e10be775ed41d2689f20c524d') in 0.009226 seconds 
  Import took 0.012943 seconds .

========================================================================
Received Import Request.
  Time since last request: 0.845546 seconds.
  path: Assets/09.Sound/SoundEffect/Eat/Chew/Dry_chew2.wav
  artifactKey: Guid(27b7a5a489cad334b8a928cb10f7cb3f) Importer(815301076,1909f56bfc062723c751e8b465ee728b)
Start importing Assets/09.Sound/SoundEffect/Eat/Chew/Dry_chew2.wav using Guid(27b7a5a489cad334b8a928cb10f7cb3f) Importer(815301076,1909f56bfc062723c751e8b465ee728b)  -> (artifact id: '9fbaf0eb641480a1227421d6a13b76bc') in 0.052697 seconds 
  Import took 0.056131 seconds .

========================================================================
Received Import Request.
  Time since last request: 6.645608 seconds.
  path: Assets/09.Sound/SoundEffect/Eat/Chew/Watery_chew1.wav
  artifactKey: Guid(07822a7a97801e140b286c51851972ea) Importer(815301076,1909f56bfc062723c751e8b465ee728b)
Start importing Assets/09.Sound/SoundEffect/Eat/Chew/Watery_chew1.wav using Guid(07822a7a97801e140b286c51851972ea) Importer(815301076,1909f56bfc062723c751e8b465ee728b)  -> (artifact id: '1c38d3359bf2c433892c8d1a3e2b5f15') in 0.014703 seconds 
  Import took 0.020719 seconds .

========================================================================
Received Import Request.
  Time since last request: 2.312028 seconds.
  path: Assets/09.Sound/SoundEffect/Eat/Swallow/swallow.wav
  artifactKey: Guid(f128f6212939830408b3c46e5714dde9) Importer(815301076,1909f56bfc062723c751e8b465ee728b)
Start importing Assets/09.Sound/SoundEffect/Eat/Swallow/swallow.wav using Guid(f128f6212939830408b3c46e5714dde9) Importer(815301076,1909f56bfc062723c751e8b465ee728b)  -> (artifact id: '27502f400b050796da53d2da1921e134') in 0.011602 seconds 
  Import took 0.015621 seconds .

========================================================================
Received Import Request.
  Time since last request: 7.154962 seconds.
  path: Assets/09.Sound/SoundEffect/Eat/Swallow/swallow2.wav
  artifactKey: Guid(f7aba2eac99faf6488e63b50cb549358) Importer(815301076,1909f56bfc062723c751e8b465ee728b)
Start importing Assets/09.Sound/SoundEffect/Eat/Swallow/swallow2.wav using Guid(f7aba2eac99faf6488e63b50cb549358) Importer(815301076,1909f56bfc062723c751e8b465ee728b)  -> (artifact id: '23fc04db824c685f255c9e635a4f625a') in 0.012248 seconds 
  Import took 0.015600 seconds .

========================================================================
Received Import Request.
  Time since last request: 11.714038 seconds.
  path: Assets/09.Sound/SoundEffect/box/Slash_Shot_Sound.wav
  artifactKey: Guid(8d5f5cc462c8d2547929dbd2eb413586) Importer(815301076,1909f56bfc062723c751e8b465ee728b)
Start importing Assets/09.Sound/SoundEffect/box/Slash_Shot_Sound.wav using Guid(8d5f5cc462c8d2547929dbd2eb413586) Importer(815301076,1909f56bfc062723c751e8b465ee728b)  -> (artifact id: '8c0d4e6e161bd54aed60e4ee6134f90e') in 0.010838 seconds 
  Import took 0.014024 seconds .

========================================================================
Received Import Request.
  Time since last request: 4.689759 seconds.
  path: Assets/09.Sound/SoundEffect/box/Slash_Sound.wav
  artifactKey: Guid(94e61d639fb590a4fafce59578967bc5) Importer(815301076,1909f56bfc062723c751e8b465ee728b)
Start importing Assets/09.Sound/SoundEffect/box/Slash_Sound.wav using Guid(94e61d639fb590a4fafce59578967bc5) Importer(815301076,1909f56bfc062723c751e8b465ee728b)  -> (artifact id: 'cac55b74358ecdb3b4d0cfb0c1a2dc8c') in 0.010843 seconds 
  Import took 0.014049 seconds .

========================================================================
Received Import Request.
  Time since last request: 3.540282 seconds.
  path: Assets/09.Sound/SoundEffect/box/Slash_Wind_Sound.wav
  artifactKey: Guid(c9404123b9bebce4d89370adb594bc57) Importer(815301076,1909f56bfc062723c751e8b465ee728b)
Start importing Assets/09.Sound/SoundEffect/box/Slash_Wind_Sound.wav using Guid(c9404123b9bebce4d89370adb594bc57) Importer(815301076,1909f56bfc062723c751e8b465ee728b)  -> (artifact id: '8a57b422db1295ba24f5384daffa75d9') in 0.012226 seconds 
  Import took 0.015845 seconds .

========================================================================
Received Import Request.
  Time since last request: 3.964677 seconds.
  path: Assets/09.Sound/SoundEffect/box/Walking_Sound.wav
  artifactKey: Guid(3bda1026d4ceb2a46bea43f2ab936c6d) Importer(815301076,1909f56bfc062723c751e8b465ee728b)
Start importing Assets/09.Sound/SoundEffect/box/Walking_Sound.wav using Guid(3bda1026d4ceb2a46bea43f2ab936c6d) Importer(815301076,1909f56bfc062723c751e8b465ee728b)  -> (artifact id: 'df86aaa8430b5306bb29fe0259e71643') in 0.010374 seconds 
  Import took 0.013666 seconds .

========================================================================
Received Import Request.
  Time since last request: 10.576322 seconds.
  path: Assets/09.Sound/SoundEffect/Wind/DesertHowlingWindDarkStorm.wav
  artifactKey: Guid(ed9ac8be7496b864f849ad1897c6627e) Importer(815301076,1909f56bfc062723c751e8b465ee728b)
Start importing Assets/09.Sound/SoundEffect/Wind/DesertHowlingWindDarkStorm.wav using Guid(ed9ac8be7496b864f849ad1897c6627e) Importer(815301076,1909f56bfc062723c751e8b465ee728b)  -> (artifact id: '179fdc734800222746fe4d8a6b8f01a2') in 0.011739 seconds 
  Import took 0.014912 seconds .

========================================================================
Received Import Request.
  Time since last request: 5.005962 seconds.
  path: Assets/09.Sound/SoundEffect/Wind/NaturalWindWinterBlizzardHowling.wav
  artifactKey: Guid(98d5bd8669dbae5428d31b8313d66e19) Importer(815301076,1909f56bfc062723c751e8b465ee728b)
Start importing Assets/09.Sound/SoundEffect/Wind/NaturalWindWinterBlizzardHowling.wav using Guid(98d5bd8669dbae5428d31b8313d66e19) Importer(815301076,1909f56bfc062723c751e8b465ee728b)  -> (artifact id: '1e57ab81ae70d03e546ee2a17c51fe84') in 0.010632 seconds 
  Import took 0.013769 seconds .

========================================================================
Received Import Request.
  Time since last request: 60.163354 seconds.
  path: Assets/09.Sound/SoundEffect/walk
  artifactKey: Guid(d59703d9630ef8641ac939c3e4b3ad60) Importer(815301076,1909f56bfc062723c751e8b465ee728b)
Start importing Assets/09.Sound/SoundEffect/walk using Guid(d59703d9630ef8641ac939c3e4b3ad60) Importer(815301076,1909f56bfc062723c751e8b465ee728b)  -> (artifact id: 'f96b6e99a5ab9c2e1f408e7c4e38f49c') in 0.006845 seconds 
  Import took 0.010167 seconds .

========================================================================
Received Import Request.
  Time since last request: 29.672450 seconds.
  path: Assets/09.Sound/SoundEffect/walk/Walk_Grass01_jankoehl.wav
  artifactKey: Guid(f69559062fb7372439f1b05aa5cd7d37) Importer(815301076,1909f56bfc062723c751e8b465ee728b)
Start importing Assets/09.Sound/SoundEffect/walk/Walk_Grass01_jankoehl.wav using Guid(f69559062fb7372439f1b05aa5cd7d37) Importer(815301076,1909f56bfc062723c751e8b465ee728b)  -> (artifact id: '828531e1c13e411f0338f726d5c20167') in 0.011786 seconds 
  Import took 0.015330 seconds .

========================================================================
Received Prepare
Registering precompiled user dll's ...
Registered in 0.006012 seconds.
Begin MonoManager ReloadAssembly
Native extension for WindowsStandalone target not found
Native extension for WebGL target not found
Refreshing native plugins compatible for Editor in 0.67 ms, found 2 plugins.
Preloading 0 native plugins for Editor in 0.00 ms.
Mono: successfully reloaded assembly
- Completed reload, in  1.076 seconds
Domain Reload Profiling:
	ReloadAssembly (1077ms)
		BeginReloadAssembly (129ms)
			ExecutionOrderSort (0ms)
			DisableScriptedObjects (5ms)
			BackupInstance (0ms)
			ReleaseScriptingObjects (0ms)
			CreateAndSetChildDomain (34ms)
		EndReloadAssembly (881ms)
			LoadAssemblies (110ms)
			RebuildTransferFunctionScriptingTraits (0ms)
			SetupTypeCache (292ms)
			ReleaseScriptCaches (1ms)
			RebuildScriptCaches (47ms)
			SetupLoadedEditorAssemblies (322ms)
				LogAssemblyErrors (0ms)
				InitializePlatformSupportModulesInManaged (6ms)
				SetLoadedEditorAssemblies (1ms)
				RefreshPlugins (1ms)
				BeforeProcessingInitializeOnLoad (102ms)
				ProcessInitializeOnLoadAttributes (197ms)
				ProcessInitializeOnLoadMethodAttributes (9ms)
				AfterProcessingInitializeOnLoad (7ms)
				EditorAssembliesLoaded (0ms)
			ExecutionOrderSort2 (0ms)
			AwakeInstancesAfterBackupRestoration (7ms)
Platform modules already initialized, skipping
Switching build target platform(19) subTarget(0) extendedPlatform(0) -> platform(13) subTarget(537395200) extendedPlatform(0)
Shader 'Custom/RainShader': fallback shader 'Particles/Alpha Blended' not found
Refreshing native plugins compatible for Editor in 0.67 ms, found 2 plugins.
Preloading 0 native plugins for Editor in 0.00 ms.
Unloading 1689 Unused Serialized files (Serialized files now loaded: 0)
System memory in use before: 90.7 MB.
System memory in use after: 90.8 MB.

Unloading 15 unused Assets to reduce memory usage. Loaded Objects now: 2199.
Total: 2.553400 ms (FindLiveObjects: 0.148500 ms CreateObjectMapping: 0.061100 ms MarkObjects: 2.325200 ms  DeleteObjects: 0.017900 ms)

AssetImportParameters requested are different than current active one (requested -> active):
  custom:framework-win-MediaFoundation: 216162199b28c13a410421893ffa2e32 -> 
  custom:video-decoder-ogg-theora: a1e56fd34408186e4bbccfd4996cb3dc -> 
  custom:container-muxer-webm: aa71ff27fc2769a1b78a27578f13a17b -> 
  custom:container-demuxer-webm: 4f35f7cbe854078d1ac9338744f61a02 -> 
  custom:container-demuxer-ogg: 62fdf1f143b41e24485cea50d1cbac27 -> 
  custom:video-encoder-webm-vp8: eb34c28f22e8b96e1ab97ce403110664 -> 
  custom:video-decoder-webm-vp8: 9c59270c3fd7afecdb556c50c9e8de78 -> 
  custom:graphics/normal-map-encoding: 01000000000000000000000000000000 -> 02000000000000000000000000000000
  custom:audio-decoder-ogg-vorbis: bf7c407c2cedff20999df2af8eb42d56 -> 
  custom:audio-encoder-webm-vorbis: bf7c407c2cedff20999df2af8eb42d56 -> 
========================================================================
Received Import Request.
  Time since last request: 2161.254633 seconds.
  path: Assets/10.UI/2D_WoodWeapons/Sprites
  artifactKey: Guid(48b950a5fc442754baf43f5d1f486ba8) Importer(815301076,1909f56bfc062723c751e8b465ee728b)
Start importing Assets/10.UI/2D_WoodWeapons/Sprites using Guid(48b950a5fc442754baf43f5d1f486ba8) Importer(815301076,1909f56bfc062723c751e8b465ee728b)  -> (artifact id: 'b874d0e193841ff005b02c4230b99ac4') in 0.011753 seconds 
  Import took 0.016499 seconds .

========================================================================
Received Import Request.
  Time since last request: 6.722405 seconds.
  path: Assets/10.UI/2D_WoodWeapons/Sprites/Ranged_Weapons/Ranged_wepon_01.png
  artifactKey: Guid(3eb6df81c4930dd46beb3e8328fd938f) Importer(815301076,1909f56bfc062723c751e8b465ee728b)
Start importing Assets/10.UI/2D_WoodWeapons/Sprites/Ranged_Weapons/Ranged_wepon_01.png using Guid(3eb6df81c4930dd46beb3e8328fd938f) Importer(815301076,1909f56bfc062723c751e8b465ee728b)  -> (artifact id: 'a51611886250dd5d620d599cf712279b') in 0.059620 seconds 
  Import took 0.062993 seconds .

========================================================================
Received Import Request.
  Time since last request: 201.931906 seconds.
  path: Assets/10.UI/2D_WoodWeapons/Sprites/Others/Wood_Piece.png
  artifactKey: Guid(01b769efd75a5354d93769e16de17268) Importer(815301076,1909f56bfc062723c751e8b465ee728b)
Start importing Assets/10.UI/2D_WoodWeapons/Sprites/Others/Wood_Piece.png using Guid(01b769efd75a5354d93769e16de17268) Importer(815301076,1909f56bfc062723c751e8b465ee728b)  -> (artifact id: 'ac22a0dc018cb0d02aca9f8d72f9d2f7') in 0.022494 seconds 
  Import took 0.026382 seconds .

========================================================================
Received Import Request.
  Time since last request: 7.044671 seconds.
  path: Assets/10.UI/2D_WoodWeapons/Sprites/Knife/Knife_01.png
  artifactKey: Guid(1dd65aa0b0f88414986107f60f26fe47) Importer(815301076,1909f56bfc062723c751e8b465ee728b)
Start importing Assets/10.UI/2D_WoodWeapons/Sprites/Knife/Knife_01.png using Guid(1dd65aa0b0f88414986107f60f26fe47) Importer(815301076,1909f56bfc062723c751e8b465ee728b)  -> (artifact id: 'a29794f5e1c8298f235a9ec6b234f9ad') in 0.016948 seconds 
  Import took 0.020731 seconds .

========================================================================
Received Import Request.
  Time since last request: 214.572109 seconds.
  path: Assets/UI/equal.png
  artifactKey: Guid(4b1101b33030d0640b9810e21b66df6f) Importer(815301076,1909f56bfc062723c751e8b465ee728b)
Start importing Assets/UI/equal.png using Guid(4b1101b33030d0640b9810e21b66df6f) Importer(815301076,1909f56bfc062723c751e8b465ee728b)  -> (artifact id: '63432660077082253d55e96e355afa05') in 0.019911 seconds 
  Import took 0.023864 seconds .

========================================================================
Received Import Request.
  Time since last request: 11.531678 seconds.
  path: Assets/UI/equal.png
  artifactKey: Guid(4b1101b33030d0640b9810e21b66df6f) Importer(815301076,1909f56bfc062723c751e8b465ee728b)
Start importing Assets/UI/equal.png using Guid(4b1101b33030d0640b9810e21b66df6f) Importer(815301076,1909f56bfc062723c751e8b465ee728b)  -> (artifact id: '9f48792dc8c9f2f1a135b8b7e9621872') in 0.017664 seconds 
  Import took 0.021009 seconds .

========================================================================
Received Import Request.
  Time since last request: 81.894203 seconds.
  path: Assets/10.UI/2D_WoodWeapons/Sprites/Axe/Axe_02.png
  artifactKey: Guid(d4084b3e5ad36954bbe502addc154637) Importer(815301076,1909f56bfc062723c751e8b465ee728b)
Start importing Assets/10.UI/2D_WoodWeapons/Sprites/Axe/Axe_02.png using Guid(d4084b3e5ad36954bbe502addc154637) Importer(815301076,1909f56bfc062723c751e8b465ee728b)  -> (artifact id: '9f215bc8b5a6807411450afb42cb09e7') in 0.033875 seconds 
  Import took 0.037095 seconds .

========================================================================
Received Import Request.
  Time since last request: 310.345791 seconds.
  path: Assets/08.FontIcon/Font/ChosunCentennial_ttf SDF.asset
  artifactKey: Guid(5943fd3c36f6b3d46ae8efbdb0ab9039) Importer(815301076,1909f56bfc062723c751e8b465ee728b)
Start importing Assets/08.FontIcon/Font/ChosunCentennial_ttf SDF.asset using Guid(5943fd3c36f6b3d46ae8efbdb0ab9039) Importer(815301076,1909f56bfc062723c751e8b465ee728b)  -> (artifact id: '9f5aec7b7395e865f73c89f71d3e54cc') in 0.468504 seconds 
  Import took 0.474062 seconds .

========================================================================
Received Import Request.
  Time since last request: 0.000260 seconds.
  path: Assets/08.FontIcon/Font/SDSamliphopangcheTTFBasic SDF.asset
  artifactKey: Guid(898776c75a2d6004a9f6e0ff7086d1cc) Importer(815301076,1909f56bfc062723c751e8b465ee728b)
Start importing Assets/08.FontIcon/Font/SDSamliphopangcheTTFBasic SDF.asset using Guid(898776c75a2d6004a9f6e0ff7086d1cc) Importer(815301076,1909f56bfc062723c751e8b465ee728b)  -> (artifact id: 'bb77e3b5de320211273dc47e1e036df8') in 0.077835 seconds 
  Import took 0.081683 seconds .

AssetImportWorkerClient::OnTransportError - code=2 error=End of file
